0 info it worked if it ends with ok
1 verbose cli [ 'node', '/usr/local/bin/npm', 'start' ]
2 info using npm@3.10.8
3 info using node@v0.12.5
4 verbose run-script [ 'prestart', 'start', 'poststart' ]
5 info lifecycle eecs394-clips-backend@1.0.0~prestart: eecs394-clips-backend@1.0.0
6 silly lifecycle eecs394-clips-backend@1.0.0~prestart: no script for prestart, continuing
7 info lifecycle eecs394-clips-backend@1.0.0~start: eecs394-clips-backend@1.0.0
8 verbose lifecycle eecs394-clips-backend@1.0.0~start: unsafe-perm in lifecycle true
9 verbose lifecycle eecs394-clips-backend@1.0.0~start: PATH: /usr/local/lib/node_modules/npm/bin/node-gyp-bin:/Users/djdapz/djdapzGit/eecs394-clips-backend/node_modules/.bin:/Users/djdapz/.rvm/gems/ruby-2.1.1/bin:/Users/djdapz/.rvm/gems/ruby-2.1.1@global/bin:/Users/djdapz/.rvm/rubies/ruby-2.1.1/bin:/usr/local/heroku/bin:/usr/local/bin:/usr/bin:/bin:/usr/sbin:/sbin:/opt/X11/bin:/usr/local/git/bin:/Applications/apache-maven-3.1.1/bin:/Users/djdapz/.rvm/bin
10 verbose lifecycle eecs394-clips-backend@1.0.0~start: CWD: /Users/djdapz/djdapzGit/eecs394-clips-backend
11 silly lifecycle eecs394-clips-backend@1.0.0~start: Args: [ '-c', 'node index.js' ]
12 silly lifecycle eecs394-clips-backend@1.0.0~start: Returned: code: 1  signal: null
13 info lifecycle eecs394-clips-backend@1.0.0~start: Failed to exec start script
14 verbose stack Error: eecs394-clips-backend@1.0.0 start: `node index.js`
14 verbose stack Exit status 1
14 verbose stack     at EventEmitter.<anonymous> (/usr/local/lib/node_modules/npm/lib/utils/lifecycle.js:255:16)
14 verbose stack     at EventEmitter.emit (events.js:110:17)
14 verbose stack     at ChildProcess.<anonymous> (/usr/local/lib/node_modules/npm/lib/utils/spawn.js:40:14)
14 verbose stack     at ChildProcess.emit (events.js:110:17)
14 verbose stack     at maybeClose (child_process.js:1015:16)
14 verbose stack     at Process.ChildProcess._handle.onexit (child_process.js:1087:5)
15 verbose pkgid eecs394-clips-backend@1.0.0
16 verbose cwd /Users/djdapz/djdapzGit/eecs394-clips-backend
17 error Darwin 16.0.0
18 error argv "node" "/usr/local/bin/npm" "start"
19 error node v0.12.5
20 error npm  v3.10.8
21 error code ELIFECYCLE
22 error eecs394-clips-backend@1.0.0 start: `node index.js`
22 error Exit status 1
23 error Failed at the eecs394-clips-backend@1.0.0 start script 'node index.js'.
23 error Make sure you have the latest version of node.js and npm installed.
23 error If you do, this is most likely a problem with the eecs394-clips-backend package,
23 error not with npm itself.
23 error Tell the author that this fails on your system:
23 error     node index.js
23 error You can get information on how to open an issue for this project with:
23 error     npm bugs eecs394-clips-backend
23 error Or if that isn't available, you can get their info via:
23 error     npm owner ls eecs394-clips-backend
23 error There is likely additional logging output above.
24 verbose exit [ 1, true ]
